<?xml version="1.0" encoding="UTF-8"?>
<!-- Generated by org.testng.reporters.JUnitReportReporter -->
<testsuite hostname="DESKTOP-TNBFE61" name="jenkinstry.login_page" tests="1" failures="0" timestamp="24 Apr 2018 06:25:58 GMT" time="11.498" errors="0">
  <testcase name="Testcase" time="11.498" classname="jenkinstry.login_page"/>
</testsuite> <!-- jenkinstry.login_page -->
